[2019/03/30 16:07:48.803] - Starting server (version 1.3.0) with initial configuration: {"hostname":"127.0.0.1","port":7545,"network_id":5777,"default_balance_ether":100,"total_accounts":10,"unlocked_accounts":[],"locked":false,"vmErrorsOnRPCResponse":true,"verbose":true,"gasLimit":6721975,"gasPrice":20000000000,"hardfork":"constantinople","logDirectory":"/home/atharv/GitHub_Projects/CourseFeedbackSystem/Ganache_Logs"}
[2019/03/30 16:07:48.969] - eth_accounts
[2019/03/30 16:07:48.970] -    > {
   >   "jsonrpc": "2.0",
   >   "id": 1,
   >   "method": "eth_accounts",
   >   "params": [],
   >   "internal": true
   > }
[2019/03/30 16:07:48.970] - eth_gasPrice
[2019/03/30 16:07:48.970] -    > {
   >   "jsonrpc": "2.0",
   >   "id": 2,
   >   "method": "eth_gasPrice",
   >   "params": [],
   >   "internal": true
   > }
[2019/03/30 16:07:48.970] - eth_getBlockByNumber
[2019/03/30 16:07:48.971] -    > {
   >   "jsonrpc": "2.0",
   >   "id": 3,
   >   "method": "eth_getBlockByNumber",
   >   "params": [
   >     "latest",
   >     false
   >   ],
   >   "internal": true
   > }
[2019/03/30 16:07:48.971] - eth_subscribe
[2019/03/30 16:07:48.971] -    > {
   >   "jsonrpc": "2.0",
   >   "id": 4,
   >   "method": "eth_subscribe",
   >   "params": [
   >     "newHeads"
   >   ],
   >   "internal": true
   > }
[2019/03/30 16:07:48.973] -  <   {
 <     "id": 1,
 <     "jsonrpc": "2.0",
 <     "result": [
 <       "0xc67635410b76dd3395eca68a869ba57cf978b4a2",
 <       "0xdf824dfb10e5e9089dcaa89c62111f75814f9c4a",
 <       "0x26f5051531dc81f0108389e5b32755366eff1c6f",
 <       "0xf51f45b3370453cffd01ab0744d604117d4d53cb",
 <       "0xca59c867a427f04d94df80703a4ff81bae8f0544",
 <       "0x1879c456e0eee354315cb6ec8b1cfe5b291213bb",
 <       "0x76e5f873ae0a0f88cf1681b1684369a04eed4096",
 <       "0x4b4977148a8d040fd7a1bfe1ed38da2bf6e3cb36",
 <       "0x7777d72107821cc5dd3bbe693035dad0af8fc3a9",
 <       "0x40b12faeac2c596929bc97445438fb8d1be390ee"
 <     ]
 <   }
[2019/03/30 16:07:48.976] -  <   {
 <     "id": 2,
 <     "jsonrpc": "2.0",
 <     "result": "0x4a817c800"
 <   }
[2019/03/30 16:07:48.979] -  <   {
 <     "id": 3,
 <     "jsonrpc": "2.0",
 <     "result": {
 <       "number": "0x0",
 <       "hash": "0x460d1f3fcd307e8dc4fe6e81963ca10b2e91093f480fcaaa6e6348e8f0f55730",
 <       "parentHash": "0x0000000000000000000000000000000000000000000000000000000000000000",
 <       "mixHash": "0x0000000000000000000000000000000000000000000000000000000000000000",
 <       "nonce": "0x0000000000000000",
 <       "sha3Uncles": "0x1dcc4de8dec75d7aab85b567b6ccd41ad312451b948a7413f0a142fd40d49347",
 <       "logsBloom": "0x00000000000000000000000000000000000000000000000000000000000000000000000000000000000000000000000000000000000000000000000000000000000000000000000000000000000000000000000000000000000000000000000000000000000000000000000000000000000000000000000000000000000000000000000000000000000000000000000000000000000000000000000000000000000000000000000000000000000000000000000000000000000000000000000000000000000000000000000000000000000000000000000000000000000000000000000000000000000000000000000000000000000000000000000000000000",
 <       "transactionsRoot": "0x56e81f171bcc55a6ff8345e692c0f86e5b48e01b996cadc001622fb5e363b421",
 <       "stateRoot": "0x2f3340eb1377b6bdec3d40ce78257457d74b19d589ba10cef7bfde09712ee248",
 <       "receiptsRoot": "0x56e81f171bcc55a6ff8345e692c0f86e5b48e01b996cadc001622fb5e363b421",
 <       "miner": "0x0000000000000000000000000000000000000000",
 <       "difficulty": "0x0",
 <       "totalDifficulty": "0x0",
 <       "extraData": "0x",
 <       "size": "0x3e8",
 <       "gasLimit": "0x6691b7",
 <       "gasUsed": "0x0",
 <       "timestamp": "0x5c9f46fc",
 <       "transactions": [],
 <       "uncles": []
 <     }
 <   }
[2019/03/30 16:07:48.981] -  <   {
 <     "id": 4,
 <     "jsonrpc": "2.0",
 <     "result": "0x1"
 <   }
[2019/03/30 16:07:48.988] - eth_getBalance
[2019/03/30 16:07:48.988] -    > {
   >   "jsonrpc": "2.0",
   >   "id": 5,
   >   "method": "eth_getBalance",
   >   "params": [
   >     "0xc67635410b76dd3395eca68a869ba57cf978b4a2",
   >     "latest"
   >   ],
   >   "internal": true
   > }
[2019/03/30 16:07:48.988] - eth_getTransactionCount
[2019/03/30 16:07:48.989] -    > {
   >   "jsonrpc": "2.0",
   >   "id": 6,
   >   "method": "eth_getTransactionCount",
   >   "params": [
   >     "0xc67635410b76dd3395eca68a869ba57cf978b4a2",
   >     "latest"
   >   ],
   >   "internal": true
   > }
[2019/03/30 16:07:48.989] - eth_getBalance
[2019/03/30 16:07:48.989] -    > {
   >   "jsonrpc": "2.0",
   >   "id": 7,
   >   "method": "eth_getBalance",
   >   "params": [
   >     "0xdf824dfb10e5e9089dcaa89c62111f75814f9c4a",
   >     "latest"
   >   ],
   >   "internal": true
   > }
[2019/03/30 16:07:48.991] -  <   {
 <     "id": 5,
 <     "jsonrpc": "2.0",
 <     "result": "0x56bc75e2d63100000"
 <   }
[2019/03/30 16:07:48.991] - eth_getTransactionCount
[2019/03/30 16:07:48.992] -    > {
   >   "jsonrpc": "2.0",
   >   "id": 8,
   >   "method": "eth_getTransactionCount",
   >   "params": [
   >     "0xdf824dfb10e5e9089dcaa89c62111f75814f9c4a",
   >     "latest"
   >   ],
   >   "internal": true
   > }
[2019/03/30 16:07:48.992] - eth_getBalance
[2019/03/30 16:07:48.992] -    > {
   >   "jsonrpc": "2.0",
   >   "id": 9,
   >   "method": "eth_getBalance",
   >   "params": [
   >     "0x26f5051531dc81f0108389e5b32755366eff1c6f",
   >     "latest"
   >   ],
   >   "internal": true
   > }
[2019/03/30 16:07:48.992] - eth_getTransactionCount
[2019/03/30 16:07:48.993] -    > {
   >   "jsonrpc": "2.0",
   >   "id": 10,
   >   "method": "eth_getTransactionCount",
   >   "params": [
   >     "0x26f5051531dc81f0108389e5b32755366eff1c6f",
   >     "latest"
   >   ],
   >   "internal": true
   > }
[2019/03/30 16:07:48.993] - eth_getBalance
[2019/03/30 16:07:48.993] -    > {
   >   "jsonrpc": "2.0",
   >   "id": 11,
   >   "method": "eth_getBalance",
   >   "params": [
   >     "0xf51f45b3370453cffd01ab0744d604117d4d53cb",
   >     "latest"
   >   ],
   >   "internal": true
   > }
[2019/03/30 16:07:48.995] -  <   {
 <     "id": 6,
 <     "jsonrpc": "2.0",
 <     "result": "0x0"
 <   }
[2019/03/30 16:07:48.995] - eth_getTransactionCount
[2019/03/30 16:07:48.995] -    > {
   >   "jsonrpc": "2.0",
   >   "id": 12,
   >   "method": "eth_getTransactionCount",
   >   "params": [
   >     "0xf51f45b3370453cffd01ab0744d604117d4d53cb",
   >     "latest"
   >   ],
   >   "internal": true
   > }
[2019/03/30 16:07:48.995] - eth_getBalance
[2019/03/30 16:07:48.995] -    > {
   >   "jsonrpc": "2.0",
   >   "id": 13,
   >   "method": "eth_getBalance",
   >   "params": [
   >     "0xca59c867a427f04d94df80703a4ff81bae8f0544",
   >     "latest"
   >   ],
   >   "internal": true
   > }
[2019/03/30 16:07:48.996] - eth_getTransactionCount
[2019/03/30 16:07:48.996] -    > {
   >   "jsonrpc": "2.0",
   >   "id": 14,
   >   "method": "eth_getTransactionCount",
   >   "params": [
   >     "0xca59c867a427f04d94df80703a4ff81bae8f0544",
   >     "latest"
   >   ],
   >   "internal": true
   > }
[2019/03/30 16:07:48.996] - eth_getBalance
[2019/03/30 16:07:48.996] -    > {
   >   "jsonrpc": "2.0",
   >   "id": 15,
   >   "method": "eth_getBalance",
   >   "params": [
   >     "0x1879c456e0eee354315cb6ec8b1cfe5b291213bb",
   >     "latest"
   >   ],
   >   "internal": true
   > }
[2019/03/30 16:07:48.997] -  <   {
 <     "id": 7,
 <     "jsonrpc": "2.0",
 <     "result": "0x56bc75e2d63100000"
 <   }
[2019/03/30 16:07:48.997] - eth_getTransactionCount
[2019/03/30 16:07:48.997] -    > {
   >   "jsonrpc": "2.0",
   >   "id": 16,
   >   "method": "eth_getTransactionCount",
   >   "params": [
   >     "0x1879c456e0eee354315cb6ec8b1cfe5b291213bb",
   >     "latest"
   >   ],
   >   "internal": true
   > }
[2019/03/30 16:07:48.997] - eth_getBalance
[2019/03/30 16:07:48.997] -    > {
   >   "jsonrpc": "2.0",
   >   "id": 17,
   >   "method": "eth_getBalance",
   >   "params": [
   >     "0x76e5f873ae0a0f88cf1681b1684369a04eed4096",
   >     "latest"
   >   ],
   >   "internal": true
   > }
[2019/03/30 16:07:48.997] - eth_getTransactionCount
[2019/03/30 16:07:48.998] -    > {
   >   "jsonrpc": "2.0",
   >   "id": 18,
   >   "method": "eth_getTransactionCount",
   >   "params": [
   >     "0x76e5f873ae0a0f88cf1681b1684369a04eed4096",
   >     "latest"
   >   ],
   >   "internal": true
   > }
[2019/03/30 16:07:48.998] - eth_getBalance
[2019/03/30 16:07:48.998] -    > {
   >   "jsonrpc": "2.0",
   >   "id": 19,
   >   "method": "eth_getBalance",
   >   "params": [
   >     "0x4b4977148a8d040fd7a1bfe1ed38da2bf6e3cb36",
   >     "latest"
   >   ],
   >   "internal": true
   > }
[2019/03/30 16:07:48.999] -  <   {
 <     "id": 8,
 <     "jsonrpc": "2.0",
 <     "result": "0x0"
 <   }
[2019/03/30 16:07:48.999] - eth_getTransactionCount
[2019/03/30 16:07:48.999] -    > {
   >   "jsonrpc": "2.0",
   >   "id": 20,
   >   "method": "eth_getTransactionCount",
   >   "params": [
   >     "0x4b4977148a8d040fd7a1bfe1ed38da2bf6e3cb36",
   >     "latest"
   >   ],
   >   "internal": true
   > }
[2019/03/30 16:07:48.999] - eth_getBalance
[2019/03/30 16:07:48.999] -    > {
   >   "jsonrpc": "2.0",
   >   "id": 21,
   >   "method": "eth_getBalance",
   >   "params": [
   >     "0x7777d72107821cc5dd3bbe693035dad0af8fc3a9",
   >     "latest"
   >   ],
   >   "internal": true
   > }
[2019/03/30 16:07:48.999] - eth_getTransactionCount
[2019/03/30 16:07:48.999] -    > {
   >   "jsonrpc": "2.0",
   >   "id": 22,
   >   "method": "eth_getTransactionCount",
   >   "params": [
   >     "0x7777d72107821cc5dd3bbe693035dad0af8fc3a9",
   >     "latest"
   >   ],
   >   "internal": true
   > }
[2019/03/30 16:07:49.000] - eth_getBalance
[2019/03/30 16:07:49.000] -    > {
   >   "jsonrpc": "2.0",
   >   "id": 23,
   >   "method": "eth_getBalance",
   >   "params": [
   >     "0x40b12faeac2c596929bc97445438fb8d1be390ee",
   >     "latest"
   >   ],
   >   "internal": true
   > }
[2019/03/30 16:07:49.000] - eth_getTransactionCount
[2019/03/30 16:07:49.000] -    > {
   >   "jsonrpc": "2.0",
   >   "id": 24,
   >   "method": "eth_getTransactionCount",
   >   "params": [
   >     "0x40b12faeac2c596929bc97445438fb8d1be390ee",
   >     "latest"
   >   ],
   >   "internal": true
   > }
[2019/03/30 16:07:49.001] -  <   {
 <     "id": 9,
 <     "jsonrpc": "2.0",
 <     "result": "0x56bc75e2d63100000"
 <   }
[2019/03/30 16:07:49.003] -  <   {
 <     "id": 10,
 <     "jsonrpc": "2.0",
 <     "result": "0x0"
 <   }
[2019/03/30 16:07:49.005] -  <   {
 <     "id": 11,
 <     "jsonrpc": "2.0",
 <     "result": "0x56bc75e2d63100000"
 <   }
[2019/03/30 16:07:49.007] -  <   {
 <     "id": 12,
 <     "jsonrpc": "2.0",
 <     "result": "0x0"
 <   }
[2019/03/30 16:07:49.010] -  <   {
 <     "id": 13,
 <     "jsonrpc": "2.0",
 <     "result": "0x56bc75e2d63100000"
 <   }
[2019/03/30 16:07:49.012] -  <   {
 <     "id": 14,
 <     "jsonrpc": "2.0",
 <     "result": "0x0"
 <   }
[2019/03/30 16:07:49.014] -  <   {
 <     "id": 15,
 <     "jsonrpc": "2.0",
 <     "result": "0x56bc75e2d63100000"
 <   }
[2019/03/30 16:07:49.017] -  <   {
 <     "id": 16,
 <     "jsonrpc": "2.0",
 <     "result": "0x0"
 <   }
[2019/03/30 16:07:49.019] -  <   {
 <     "id": 17,
 <     "jsonrpc": "2.0",
 <     "result": "0x56bc75e2d63100000"
 <   }
[2019/03/30 16:07:49.022] -  <   {
 <     "id": 18,
 <     "jsonrpc": "2.0",
 <     "result": "0x0"
 <   }
[2019/03/30 16:07:49.027] -  <   {
 <     "id": 19,
 <     "jsonrpc": "2.0",
 <     "result": "0x56bc75e2d63100000"
 <   }
[2019/03/30 16:07:49.032] -  <   {
 <     "id": 20,
 <     "jsonrpc": "2.0",
 <     "result": "0x0"
 <   }
[2019/03/30 16:07:49.035] -  <   {
 <     "id": 21,
 <     "jsonrpc": "2.0",
 <     "result": "0x56bc75e2d63100000"
 <   }
[2019/03/30 16:07:49.038] -  <   {
 <     "id": 22,
 <     "jsonrpc": "2.0",
 <     "result": "0x0"
 <   }
[2019/03/30 16:07:49.041] -  <   {
 <     "id": 23,
 <     "jsonrpc": "2.0",
 <     "result": "0x56bc75e2d63100000"
 <   }
[2019/03/30 16:07:49.044] -  <   {
 <     "id": 24,
 <     "jsonrpc": "2.0",
 <     "result": "0x0"
 <   }
[2019/03/30 16:08:01.499] - net_version
[2019/03/30 16:08:01.500] -    > {
   >   "jsonrpc": "2.0",
   >   "id": 1,
   >   "method": "net_version",
   >   "params": []
   > }
[2019/03/30 16:08:01.502] -  <   {
 <     "id": 1,
 <     "jsonrpc": "2.0",
 <     "result": "5777"
 <   }
[2019/03/30 16:08:01.520] - eth_accounts
[2019/03/30 16:08:01.521] -    > {
   >   "jsonrpc": "2.0",
   >   "id": 2,
   >   "method": "eth_accounts",
   >   "params": []
   > }
[2019/03/30 16:08:01.522] -  <   {
 <     "id": 2,
 <     "jsonrpc": "2.0",
 <     "result": [
 <       "0xc67635410b76dd3395eca68a869ba57cf978b4a2",
 <       "0xdf824dfb10e5e9089dcaa89c62111f75814f9c4a",
 <       "0x26f5051531dc81f0108389e5b32755366eff1c6f",
 <       "0xf51f45b3370453cffd01ab0744d604117d4d53cb",
 <       "0xca59c867a427f04d94df80703a4ff81bae8f0544",
 <       "0x1879c456e0eee354315cb6ec8b1cfe5b291213bb",
 <       "0x76e5f873ae0a0f88cf1681b1684369a04eed4096",
 <       "0x4b4977148a8d040fd7a1bfe1ed38da2bf6e3cb36",
 <       "0x7777d72107821cc5dd3bbe693035dad0af8fc3a9",
 <       "0x40b12faeac2c596929bc97445438fb8d1be390ee"
 <     ]
 <   }
[2019/03/30 16:08:40.842] - eth_blockNumber
[2019/03/30 16:08:40.843] -    > {
   >   "id": 7676872206322513,
   >   "jsonrpc": "2.0",
   >   "params": [],
   >   "method": "eth_blockNumber"
   > }
[2019/03/30 16:08:40.846] -  <   {
 <     "id": 7676872206322513,
 <     "jsonrpc": "2.0",
 <     "result": "0x0"
 <   }
[2019/03/30 16:08:40.855] - net_version
[2019/03/30 16:08:40.856] -    > {
   >   "id": 7676872206322514,
   >   "jsonrpc": "2.0",
   >   "params": [],
   >   "method": "net_version"
   > }
[2019/03/30 16:08:40.857] -  <   {
 <     "id": 7676872206322514,
 <     "jsonrpc": "2.0",
 <     "result": "5777"
 <   }
[2019/03/30 16:08:40.875] - net_version
[2019/03/30 16:08:40.875] -    > {
   >   "id": 7676872206322515,
   >   "jsonrpc": "2.0",
   >   "params": [],
   >   "method": "net_version"
   > }
[2019/03/30 16:08:40.879] -  <   {
 <     "id": 7676872206322515,
 <     "jsonrpc": "2.0",
 <     "result": "5777"
 <   }
[2019/03/30 16:08:40.926] - eth_getBlockByNumber
[2019/03/30 16:08:40.926] -    > {
   >   "id": 7676872206322516,
   >   "jsonrpc": "2.0",
   >   "params": [
   >     "0x0",
   >     true
   >   ],
   >   "method": "eth_getBlockByNumber"
   > }
[2019/03/30 16:08:40.934] -  <   {
 <     "id": 7676872206322516,
 <     "jsonrpc": "2.0",
 <     "result": {
 <       "number": "0x0",
 <       "hash": "0x460d1f3fcd307e8dc4fe6e81963ca10b2e91093f480fcaaa6e6348e8f0f55730",
 <       "parentHash": "0x0000000000000000000000000000000000000000000000000000000000000000",
 <       "mixHash": "0x0000000000000000000000000000000000000000000000000000000000000000",
 <       "nonce": "0x0000000000000000",
 <       "sha3Uncles": "0x1dcc4de8dec75d7aab85b567b6ccd41ad312451b948a7413f0a142fd40d49347",
 <       "logsBloom": "0x00000000000000000000000000000000000000000000000000000000000000000000000000000000000000000000000000000000000000000000000000000000000000000000000000000000000000000000000000000000000000000000000000000000000000000000000000000000000000000000000000000000000000000000000000000000000000000000000000000000000000000000000000000000000000000000000000000000000000000000000000000000000000000000000000000000000000000000000000000000000000000000000000000000000000000000000000000000000000000000000000000000000000000000000000000000",
 <       "transactionsRoot": "0x56e81f171bcc55a6ff8345e692c0f86e5b48e01b996cadc001622fb5e363b421",
 <       "stateRoot": "0x2f3340eb1377b6bdec3d40ce78257457d74b19d589ba10cef7bfde09712ee248",
 <       "receiptsRoot": "0x56e81f171bcc55a6ff8345e692c0f86e5b48e01b996cadc001622fb5e363b421",
 <       "miner": "0x0000000000000000000000000000000000000000",
 <       "difficulty": "0x0",
 <       "totalDifficulty": "0x0",
 <       "extraData": "0x",
 <       "size": "0x3e8",
 <       "gasLimit": "0x6691b7",
 <       "gasUsed": "0x0",
 <       "timestamp": "0x5c9f46fc",
 <       "transactions": [],
 <       "uncles": []
 <     }
 <   }
[2019/03/30 16:08:43.155] - net_version
[2019/03/30 16:08:43.156] -    > {
   >   "method": "net_version",
   >   "params": [],
   >   "beta": true,
   >   "id": 1882510307
   > }
[2019/03/30 16:08:43.157] -  <   {
 <     "id": 1882510307,
 <     "result": "5777"
 <   }
[2019/03/30 16:08:52.466] - net_version
[2019/03/30 16:08:52.467] -    > {
   >   "method": "net_version",
   >   "params": [],
   >   "beta": true,
   >   "id": 2795667029
   > }
[2019/03/30 16:08:52.469] -  <   {
 <     "id": 2795667029,
 <     "result": "5777"
 <   }
[2019/03/30 16:08:52.574] - net_version
[2019/03/30 16:08:52.575] -    > {
   >   "method": "net_version",
   >   "params": [],
   >   "beta": true,
   >   "id": 1401618038
   > }
[2019/03/30 16:08:52.577] -  <   {
 <     "id": 1401618038,
 <     "result": "5777"
 <   }
[2019/03/30 16:08:58.802] - net_version
[2019/03/30 16:08:58.803] -    > {
   >   "method": "net_version",
   >   "params": [],
   >   "beta": true,
   >   "id": 538695797
   > }
[2019/03/30 16:08:58.805] -  <   {
 <     "id": 538695797,
 <     "result": "5777"
 <   }
[2019/03/30 16:09:00.928] - eth_blockNumber
[2019/03/30 16:09:00.929] -    > {
   >   "id": 7676872206322517,
   >   "jsonrpc": "2.0",
   >   "params": [],
   >   "method": "eth_blockNumber"
   > }
[2019/03/30 16:09:00.931] -  <   {
 <     "id": 7676872206322517,
 <     "jsonrpc": "2.0",
 <     "result": "0x0"
 <   }
[2019/03/30 16:09:20.938] - eth_blockNumber
[2019/03/30 16:09:20.938] -    > {
   >   "id": 7676872206322518,
   >   "jsonrpc": "2.0",
   >   "params": [],
   >   "method": "eth_blockNumber"
   > }
[2019/03/30 16:09:20.940] -  <   {
 <     "id": 7676872206322518,
 <     "jsonrpc": "2.0",
 <     "result": "0x0"
 <   }
[2019/03/30 16:09:40.945] - eth_blockNumber
[2019/03/30 16:09:40.945] -    > {
   >   "id": 7676872206322519,
   >   "jsonrpc": "2.0",
   >   "params": [],
   >   "method": "eth_blockNumber"
   > }
[2019/03/30 16:09:40.946] -  <   {
 <     "id": 7676872206322519,
 <     "jsonrpc": "2.0",
 <     "result": "0x0"
 <   }
[2019/03/30 16:10:00.956] - eth_blockNumber
[2019/03/30 16:10:00.957] -    > {
   >   "id": 7676872206322520,
   >   "jsonrpc": "2.0",
   >   "params": [],
   >   "method": "eth_blockNumber"
   > }
[2019/03/30 16:10:00.959] -  <   {
 <     "id": 7676872206322520,
 <     "jsonrpc": "2.0",
 <     "result": "0x0"
 <   }
[2019/03/30 16:10:20.970] - eth_blockNumber
[2019/03/30 16:10:20.971] -    > {
   >   "id": 7676872206322521,
   >   "jsonrpc": "2.0",
   >   "params": [],
   >   "method": "eth_blockNumber"
   > }
[2019/03/30 16:10:20.973] -  <   {
 <     "id": 7676872206322521,
 <     "jsonrpc": "2.0",
 <     "result": "0x0"
 <   }
[2019/03/30 16:10:28.144] - net_version
[2019/03/30 16:10:28.145] -    > {
   >   "method": "net_version",
   >   "params": [],
   >   "beta": true,
   >   "id": 3071454026
   > }
[2019/03/30 16:10:28.147] -  <   {
 <     "id": 3071454026,
 <     "result": "5777"
 <   }
[2019/03/30 16:10:28.182] - net_version
[2019/03/30 16:10:28.183] -    > {
   >   "method": "net_version",
   >   "params": [],
   >   "beta": true,
   >   "id": 3880584959
   > }
[2019/03/30 16:10:28.185] -  <   {
 <     "id": 3880584959,
 <     "result": "5777"
 <   }
[2019/03/30 16:10:28.246] - net_version
[2019/03/30 16:10:28.246] -    > {
   >   "method": "net_version",
   >   "params": [],
   >   "beta": true,
   >   "id": 232732886
   > }
[2019/03/30 16:10:28.247] -  <   {
 <     "id": 232732886,
 <     "result": "5777"
 <   }
[2019/03/30 16:10:35.974] - net_version
[2019/03/30 16:10:35.974] -    > {
   >   "method": "net_version",
   >   "params": [],
   >   "beta": true,
   >   "id": 2358517639
   > }
[2019/03/30 16:10:35.976] -  <   {
 <     "id": 2358517639,
 <     "result": "5777"
 <   }
[2019/03/30 16:10:37.166] - net_version
[2019/03/30 16:10:37.167] -    > {
   >   "method": "net_version",
   >   "params": [],
   >   "beta": true,
   >   "id": 1800265324
   > }
[2019/03/30 16:10:37.167] -  <   {
 <     "id": 1800265324,
 <     "result": "5777"
 <   }
[2019/03/30 16:10:39.494] - net_version
[2019/03/30 16:10:39.495] -    > {
   >   "method": "net_version",
   >   "params": [],
   >   "beta": true,
   >   "id": 119762795
   > }
[2019/03/30 16:10:39.496] -  <   {
 <     "id": 119762795,
 <     "result": "5777"
 <   }
[2019/03/30 16:10:40.518] - net_version
[2019/03/30 16:10:40.520] -    > {
   >   "method": "net_version",
   >   "params": [],
   >   "beta": true,
   >   "id": 824781702
   > }
[2019/03/30 16:10:40.523] -  <   {
 <     "id": 824781702,
 <     "result": "5777"
 <   }
[2019/03/30 16:10:40.864] - net_version
[2019/03/30 16:10:40.865] -    > {
   >   "method": "net_version",
   >   "params": [],
   >   "beta": true,
   >   "id": 3334985812
   > }
[2019/03/30 16:10:40.866] -  <   {
 <     "id": 3334985812,
 <     "result": "5777"
 <   }
[2019/03/30 16:10:40.979] - eth_blockNumber
[2019/03/30 16:10:40.979] -    > {
   >   "id": 7676872206322522,
   >   "jsonrpc": "2.0",
   >   "params": [],
   >   "method": "eth_blockNumber"
   > }
[2019/03/30 16:10:40.981] -  <   {
 <     "id": 7676872206322522,
 <     "jsonrpc": "2.0",
 <     "result": "0x0"
 <   }
[2019/03/30 16:10:42.429] - net_version
[2019/03/30 16:10:42.429] -    > {
   >   "method": "net_version",
   >   "params": [],
   >   "beta": true,
   >   "id": 898574982
   > }
[2019/03/30 16:10:42.431] -  <   {
 <     "id": 898574982,
 <     "result": "5777"
 <   }
[2019/03/30 16:10:42.839] - net_version
[2019/03/30 16:10:42.842] -    > {
   >   "method": "net_version",
   >   "params": [],
   >   "beta": true,
   >   "id": 3345134672
   > }
[2019/03/30 16:10:42.845] -  <   {
 <     "id": 3345134672,
 <     "result": "5777"
 <   }
[2019/03/30 16:10:44.943] - net_version
[2019/03/30 16:10:44.944] -    > {
   >   "method": "net_version",
   >   "params": [],
   >   "beta": true,
   >   "id": 1658205514
   > }
[2019/03/30 16:10:44.945] -  <   {
 <     "id": 1658205514,
 <     "result": "5777"
 <   }
[2019/03/30 16:10:45.001] - net_version
[2019/03/30 16:10:45.001] -    > {
   >   "method": "net_version",
   >   "params": [],
   >   "beta": true,
   >   "id": 3001053036
   > }
[2019/03/30 16:10:45.004] -  <   {
 <     "id": 3001053036,
 <     "result": "5777"
 <   }
[2019/03/30 16:10:45.084] - net_version
[2019/03/30 16:10:45.084] -    > {
   >   "method": "net_version",
   >   "params": [],
   >   "beta": true,
   >   "id": 2492375839
   > }
[2019/03/30 16:10:45.086] -  <   {
 <     "id": 2492375839,
 <     "result": "5777"
 <   }
[2019/03/30 16:10:45.088] - net_version
[2019/03/30 16:10:45.088] -    > {
   >   "method": "net_version",
   >   "params": [],
   >   "beta": true,
   >   "id": 2242334873
   > }
[2019/03/30 16:10:45.091] -  <   {
 <     "id": 2242334873,
 <     "result": "5777"
 <   }
[2019/03/30 16:11:00.991] - eth_blockNumber
[2019/03/30 16:11:00.992] -    > {
   >   "id": 7676872206322523,
   >   "jsonrpc": "2.0",
   >   "params": [],
   >   "method": "eth_blockNumber"
   > }
[2019/03/30 16:11:00.995] -  <   {
 <     "id": 7676872206322523,
 <     "jsonrpc": "2.0",
 <     "result": "0x0"
 <   }
[2019/03/30 16:11:21.007] - eth_blockNumber
[2019/03/30 16:11:21.009] -    > {
   >   "id": 7676872206322524,
   >   "jsonrpc": "2.0",
   >   "params": [],
   >   "method": "eth_blockNumber"
   > }
[2019/03/30 16:11:21.012] -  <   {
 <     "id": 7676872206322524,
 <     "jsonrpc": "2.0",
 <     "result": "0x0"
 <   }
[2019/03/30 16:11:41.020] - eth_blockNumber
[2019/03/30 16:11:41.021] -    > {
   >   "id": 7676872206322525,
   >   "jsonrpc": "2.0",
   >   "params": [],
   >   "method": "eth_blockNumber"
   > }
[2019/03/30 16:11:41.025] -  <   {
 <     "id": 7676872206322525,
 <     "jsonrpc": "2.0",
 <     "result": "0x0"
 <   }
[2019/03/30 16:12:01.042] - eth_blockNumber
[2019/03/30 16:12:01.043] -    > {
   >   "id": 7676872206322526,
   >   "jsonrpc": "2.0",
   >   "params": [],
   >   "method": "eth_blockNumber"
   > }
[2019/03/30 16:12:01.046] -  <   {
 <     "id": 7676872206322526,
 <     "jsonrpc": "2.0",
 <     "result": "0x0"
 <   }
[2019/03/30 16:12:21.057] - eth_blockNumber
[2019/03/30 16:12:21.057] -    > {
   >   "id": 7676872206322527,
   >   "jsonrpc": "2.0",
   >   "params": [],
   >   "method": "eth_blockNumber"
   > }
[2019/03/30 16:12:21.061] -  <   {
 <     "id": 7676872206322527,
 <     "jsonrpc": "2.0",
 <     "result": "0x0"
 <   }
[2019/03/30 16:12:41.074] - eth_blockNumber
[2019/03/30 16:12:41.074] -    > {
   >   "id": 7676872206322528,
   >   "jsonrpc": "2.0",
   >   "params": [],
   >   "method": "eth_blockNumber"
   > }
[2019/03/30 16:12:41.075] -  <   {
 <     "id": 7676872206322528,
 <     "jsonrpc": "2.0",
 <     "result": "0x0"
 <   }
[2019/03/30 16:12:59.409] - net_version
[2019/03/30 16:12:59.409] -    > {
   >   "method": "net_version",
   >   "params": [],
   >   "beta": true,
   >   "id": 3226192782
   > }
[2019/03/30 16:12:59.412] -  <   {
 <     "id": 3226192782,
 <     "result": "5777"
 <   }
[2019/03/30 16:13:01.088] - eth_blockNumber
[2019/03/30 16:13:01.089] -    > {
   >   "id": 7676872206322529,
   >   "jsonrpc": "2.0",
   >   "params": [],
   >   "method": "eth_blockNumber"
   > }
[2019/03/30 16:13:01.091] -  <   {
 <     "id": 7676872206322529,
 <     "jsonrpc": "2.0",
 <     "result": "0x0"
 <   }
[2019/03/30 16:13:21.105] - eth_blockNumber
[2019/03/30 16:13:21.106] -    > {
   >   "id": 7676872206322530,
   >   "jsonrpc": "2.0",
   >   "params": [],
   >   "method": "eth_blockNumber"
   > }
[2019/03/30 16:13:21.108] -  <   {
 <     "id": 7676872206322530,
 <     "jsonrpc": "2.0",
 <     "result": "0x0"
 <   }
[2019/03/30 16:13:29.932] - net_version
[2019/03/30 16:13:29.933] -    > {
   >   "method": "net_version",
   >   "params": [],
   >   "beta": true,
   >   "id": 3730057656
   > }
[2019/03/30 16:13:29.935] -  <   {
 <     "id": 3730057656,
 <     "result": "5777"
 <   }
[2019/03/30 16:13:29.937] - net_version
[2019/03/30 16:13:29.937] -    > {
   >   "method": "net_version",
   >   "params": [],
   >   "beta": true,
   >   "id": 1570924451
   > }
[2019/03/30 16:13:29.940] -  <   {
 <     "id": 1570924451,
 <     "result": "5777"
 <   }
[2019/03/30 16:13:36.067] - net_version
[2019/03/30 16:13:36.067] -    > {
   >   "method": "net_version",
   >   "params": [],
   >   "beta": true,
   >   "id": 1277297581
   > }
[2019/03/30 16:13:36.070] -  <   {
 <     "id": 1277297581,
 <     "result": "5777"
 <   }
[2019/03/30 16:13:41.117] - eth_blockNumber
[2019/03/30 16:13:41.118] -    > {
   >   "id": 7676872206322531,
   >   "jsonrpc": "2.0",
   >   "params": [],
   >   "method": "eth_blockNumber"
   > }
[2019/03/30 16:13:41.121] -  <   {
 <     "id": 7676872206322531,
 <     "jsonrpc": "2.0",
 <     "result": "0x0"
 <   }
[2019/03/30 16:13:57.402] - net_version
[2019/03/30 16:13:57.403] -    > {
   >   "method": "net_version",
   >   "params": [],
   >   "beta": true,
   >   "id": 3517393052
   > }
[2019/03/30 16:13:57.404] -  <   {
 <     "id": 3517393052,
 <     "result": "5777"
 <   }
[2019/03/30 16:13:57.511] - net_version
[2019/03/30 16:13:57.512] -    > {
   >   "method": "net_version",
   >   "params": [],
   >   "beta": true,
   >   "id": 3637115872
   > }
[2019/03/30 16:13:57.513] -  <   {
 <     "id": 3637115872,
 <     "result": "5777"
 <   }
[2019/03/30 16:14:01.132] - eth_blockNumber
[2019/03/30 16:14:01.134] -    > {
   >   "id": 7676872206322532,
   >   "jsonrpc": "2.0",
   >   "params": [],
   >   "method": "eth_blockNumber"
   > }
[2019/03/30 16:14:01.136] -  <   {
 <     "id": 7676872206322532,
 <     "jsonrpc": "2.0",
 <     "result": "0x0"
 <   }
[2019/03/30 16:14:11.874] - net_version
[2019/03/30 16:14:11.875] -    > {
   >   "method": "net_version",
   >   "params": [],
   >   "beta": true,
   >   "id": 3487907574
   > }
[2019/03/30 16:14:11.876] -  <   {
 <     "id": 3487907574,
 <     "result": "5777"
 <   }
[2019/03/30 16:14:12.132] - net_version
[2019/03/30 16:14:12.134] -    > {
   >   "method": "net_version",
   >   "params": [],
   >   "beta": true,
   >   "id": 1938812807
   > }
[2019/03/30 16:14:12.137] -  <   {
 <     "id": 1938812807,
 <     "result": "5777"
 <   }
[2019/03/30 16:14:12.180] - net_version
[2019/03/30 16:14:12.181] -    > {
   >   "method": "net_version",
   >   "params": [],
   >   "beta": true,
   >   "id": 3122285647
   > }
[2019/03/30 16:14:12.184] -  <   {
 <     "id": 3122285647,
 <     "result": "5777"
 <   }
[2019/03/30 16:14:12.190] - net_version
[2019/03/30 16:14:12.191] -    > {
   >   "method": "net_version",
   >   "params": [],
   >   "beta": true,
   >   "id": 4099057213
   > }
[2019/03/30 16:14:12.192] -  <   {
 <     "id": 4099057213,
 <     "result": "5777"
 <   }
[2019/03/30 16:14:12.197] - net_version
[2019/03/30 16:14:12.197] -    > {
   >   "method": "net_version",
   >   "params": [],
   >   "beta": true,
   >   "id": 3838652534
   > }
[2019/03/30 16:14:12.201] -  <   {
 <     "id": 3838652534,
 <     "result": "5777"
 <   }
[2019/03/30 16:14:12.209] - net_version
[2019/03/30 16:14:12.210] -    > {
   >   "method": "net_version",
   >   "params": [],
   >   "beta": true,
   >   "id": 3600243616
   > }
[2019/03/30 16:14:12.211] - net_version
[2019/03/30 16:14:12.212] -    > {
   >   "method": "net_version",
   >   "params": [],
   >   "beta": true,
   >   "id": 655218653
   > }
[2019/03/30 16:14:12.215] -  <   {
 <     "id": 3600243616,
 <     "result": "5777"
 <   }
[2019/03/30 16:14:12.221] -  <   {
 <     "id": 655218653,
 <     "result": "5777"
 <   }
[2019/03/30 16:14:13.936] - net_version
[2019/03/30 16:14:13.937] -    > {
   >   "method": "net_version",
   >   "params": [],
   >   "beta": true,
   >   "id": 127338890
   > }
[2019/03/30 16:14:13.939] -  <   {
 <     "id": 127338890,
 <     "result": "5777"
 <   }
[2019/03/30 16:14:14.414] - net_version
[2019/03/30 16:14:14.416] -    > {
   >   "method": "net_version",
   >   "params": [],
   >   "beta": true,
   >   "id": 1881269628
   > }
[2019/03/30 16:14:14.418] -  <   {
 <     "id": 1881269628,
 <     "result": "5777"
 <   }
[2019/03/30 16:14:21.150] - eth_blockNumber
[2019/03/30 16:14:21.150] -    > {
   >   "id": 7676872206322533,
   >   "jsonrpc": "2.0",
   >   "params": [],
   >   "method": "eth_blockNumber"
   > }
[2019/03/30 16:14:21.153] -  <   {
 <     "id": 7676872206322533,
 <     "jsonrpc": "2.0",
 <     "result": "0x0"
 <   }
[2019/03/30 16:14:41.163] - eth_blockNumber
[2019/03/30 16:14:41.164] -    > {
   >   "id": 7676872206322534,
   >   "jsonrpc": "2.0",
   >   "params": [],
   >   "method": "eth_blockNumber"
   > }
[2019/03/30 16:14:41.166] -  <   {
 <     "id": 7676872206322534,
 <     "jsonrpc": "2.0",
 <     "result": "0x0"
 <   }
[2019/03/30 16:15:01.178] - eth_blockNumber
[2019/03/30 16:15:01.178] -    > {
   >   "id": 7676872206322535,
   >   "jsonrpc": "2.0",
   >   "params": [],
   >   "method": "eth_blockNumber"
   > }
[2019/03/30 16:15:01.179] -  <   {
 <     "id": 7676872206322535,
 <     "jsonrpc": "2.0",
 <     "result": "0x0"
 <   }
[2019/03/30 16:15:21.195] - eth_blockNumber
[2019/03/30 16:15:21.196] -    > {
   >   "id": 7676872206322536,
   >   "jsonrpc": "2.0",
   >   "params": [],
   >   "method": "eth_blockNumber"
   > }
[2019/03/30 16:15:21.198] -  <   {
 <     "id": 7676872206322536,
 <     "jsonrpc": "2.0",
 <     "result": "0x0"
 <   }
[2019/03/30 16:15:41.211] - eth_blockNumber
[2019/03/30 16:15:41.212] -    > {
   >   "id": 7676872206322537,
   >   "jsonrpc": "2.0",
   >   "params": [],
   >   "method": "eth_blockNumber"
   > }
[2019/03/30 16:15:41.214] -  <   {
 <     "id": 7676872206322537,
 <     "jsonrpc": "2.0",
 <     "result": "0x0"
 <   }
[2019/03/30 16:16:01.226] - eth_blockNumber
[2019/03/30 16:16:01.227] -    > {
   >   "id": 7676872206322538,
   >   "jsonrpc": "2.0",
   >   "params": [],
   >   "method": "eth_blockNumber"
   > }
[2019/03/30 16:16:01.230] -  <   {
 <     "id": 7676872206322538,
 <     "jsonrpc": "2.0",
 <     "result": "0x0"
 <   }
[2019/03/30 16:16:21.243] - eth_blockNumber
[2019/03/30 16:16:21.243] -    > {
   >   "id": 7676872206322539,
   >   "jsonrpc": "2.0",
   >   "params": [],
   >   "method": "eth_blockNumber"
   > }
[2019/03/30 16:16:21.246] -  <   {
 <     "id": 7676872206322539,
 <     "jsonrpc": "2.0",
 <     "result": "0x0"
 <   }
[2019/03/30 16:16:41.254] - eth_blockNumber
[2019/03/30 16:16:41.254] -    > {
   >   "id": 7676872206322540,
   >   "jsonrpc": "2.0",
   >   "params": [],
   >   "method": "eth_blockNumber"
   > }
[2019/03/30 16:16:41.255] -  <   {
 <     "id": 7676872206322540,
 <     "jsonrpc": "2.0",
 <     "result": "0x0"
 <   }
[2019/03/30 16:16:42.153] - net_version
[2019/03/30 16:16:42.153] -    > {
   >   "method": "net_version",
   >   "params": [],
   >   "beta": true,
   >   "id": 942110108
   > }
[2019/03/30 16:16:42.155] -  <   {
 <     "id": 942110108,
 <     "result": "5777"
 <   }
[2019/03/30 16:16:42.259] - net_version
[2019/03/30 16:16:42.261] -    > {
   >   "method": "net_version",
   >   "params": [],
   >   "beta": true,
   >   "id": 1710757726
   > }
[2019/03/30 16:16:42.263] -  <   {
 <     "id": 1710757726,
 <     "result": "5777"
 <   }
[2019/03/30 16:16:48.995] - net_version
[2019/03/30 16:16:48.996] -    > {
   >   "method": "net_version",
   >   "params": [],
   >   "beta": true,
   >   "id": 1022348848
   > }
[2019/03/30 16:16:48.999] -  <   {
 <     "id": 1022348848,
 <     "result": "5777"
 <   }
[2019/03/30 16:17:01.269] - eth_blockNumber
[2019/03/30 16:17:01.270] -    > {
   >   "id": 7676872206322541,
   >   "jsonrpc": "2.0",
   >   "params": [],
   >   "method": "eth_blockNumber"
   > }
[2019/03/30 16:17:01.273] -  <   {
 <     "id": 7676872206322541,
 <     "jsonrpc": "2.0",
 <     "result": "0x0"
 <   }
[2019/03/30 16:17:21.288] - eth_blockNumber
[2019/03/30 16:17:21.289] -    > {
   >   "id": 7676872206322542,
   >   "jsonrpc": "2.0",
   >   "params": [],
   >   "method": "eth_blockNumber"
   > }
[2019/03/30 16:17:21.291] -  <   {
 <     "id": 7676872206322542,
 <     "jsonrpc": "2.0",
 <     "result": "0x0"
 <   }
[2019/03/30 16:17:29.977] - net_version
[2019/03/30 16:17:29.979] -    > {
   >   "method": "net_version",
   >   "params": [],
   >   "beta": true,
   >   "id": 1992585722
   > }
[2019/03/30 16:17:29.982] -  <   {
 <     "id": 1992585722,
 <     "result": "5777"
 <   }
[2019/03/30 16:17:33.390] - net_version
[2019/03/30 16:17:33.390] -    > {
   >   "method": "net_version",
   >   "params": [],
   >   "beta": true,
   >   "id": 1897473673
   > }
[2019/03/30 16:17:33.392] -  <   {
 <     "id": 1897473673,
 <     "result": "5777"
 <   }
[2019/03/30 16:17:35.024] - net_version
[2019/03/30 16:17:35.024] -    > {
   >   "method": "net_version",
   >   "params": [],
   >   "beta": true,
   >   "id": 613352083
   > }
[2019/03/30 16:17:35.027] -  <   {
 <     "id": 613352083,
 <     "result": "5777"
 <   }
[2019/03/30 16:17:36.061] - net_version
[2019/03/30 16:17:36.063] -    > {
   >   "method": "net_version",
   >   "params": [],
   >   "beta": true,
   >   "id": 1288510671
   > }
[2019/03/30 16:17:36.064] -  <   {
 <     "id": 1288510671,
 <     "result": "5777"
 <   }
[2019/03/30 16:17:41.302] - eth_blockNumber
[2019/03/30 16:17:41.302] -    > {
   >   "id": 7676872206322543,
   >   "jsonrpc": "2.0",
   >   "params": [],
   >   "method": "eth_blockNumber"
   > }
[2019/03/30 16:17:41.304] -  <   {
 <     "id": 7676872206322543,
 <     "jsonrpc": "2.0",
 <     "result": "0x0"
 <   }
[2019/03/30 16:17:52.810] - net_version
[2019/03/30 16:17:52.810] -    > {
   >   "method": "net_version",
   >   "params": [],
   >   "beta": true,
   >   "id": 868019244
   > }
[2019/03/30 16:17:52.813] -  <   {
 <     "id": 868019244,
 <     "result": "5777"
 <   }
[2019/03/30 16:18:01.312] - eth_blockNumber
[2019/03/30 16:18:01.315] -    > {
   >   "id": 7676872206322544,
   >   "jsonrpc": "2.0",
   >   "params": [],
   >   "method": "eth_blockNumber"
   > }
[2019/03/30 16:18:01.317] -  <   {
 <     "id": 7676872206322544,
 <     "jsonrpc": "2.0",
 <     "result": "0x0"
 <   }
[2019/03/30 16:18:13.324] - net_version
[2019/03/30 16:18:13.325] -    > {
   >   "method": "net_version",
   >   "params": [],
   >   "beta": true,
   >   "id": 2132411907
   > }
[2019/03/30 16:18:13.327] -  <   {
 <     "id": 2132411907,
 <     "result": "5777"
 <   }
[2019/03/30 16:18:21.328] - eth_blockNumber
[2019/03/30 16:18:21.329] -    > {
   >   "id": 7676872206322545,
   >   "jsonrpc": "2.0",
   >   "params": [],
   >   "method": "eth_blockNumber"
   > }
[2019/03/30 16:18:21.331] -  <   {
 <     "id": 7676872206322545,
 <     "jsonrpc": "2.0",
 <     "result": "0x0"
 <   }
[2019/03/30 16:18:25.064] - net_version
[2019/03/30 16:18:25.065] -    > {
   >   "method": "net_version",
   >   "params": [],
   >   "beta": true,
   >   "id": 1150322447
   > }
[2019/03/30 16:18:25.068] -  <   {
 <     "id": 1150322447,
 <     "result": "5777"
 <   }
[2019/03/30 16:18:41.344] - eth_blockNumber
[2019/03/30 16:18:41.346] -    > {
   >   "id": 7676872206322546,
   >   "jsonrpc": "2.0",
   >   "params": [],
   >   "method": "eth_blockNumber"
   > }
[2019/03/30 16:18:41.350] -  <   {
 <     "id": 7676872206322546,
 <     "jsonrpc": "2.0",
 <     "result": "0x0"
 <   }
[2019/03/30 16:18:54.810] - net_version
[2019/03/30 16:18:54.810] -    > {
   >   "method": "net_version",
   >   "params": [],
   >   "beta": true,
   >   "id": 758600798
   > }
[2019/03/30 16:18:54.813] -  <   {
 <     "id": 758600798,
 <     "result": "5777"
 <   }
[2019/03/30 16:19:01.365] - eth_blockNumber
[2019/03/30 16:19:01.366] -    > {
   >   "id": 7676872206322547,
   >   "jsonrpc": "2.0",
   >   "params": [],
   >   "method": "eth_blockNumber"
   > }
[2019/03/30 16:19:01.370] -  <   {
 <     "id": 7676872206322547,
 <     "jsonrpc": "2.0",
 <     "result": "0x0"
 <   }
[2019/03/30 16:19:17.761] - net_version
[2019/03/30 16:19:17.764] -    > {
   >   "method": "net_version",
   >   "params": [],
   >   "beta": true,
   >   "id": 1788543522
   > }
[2019/03/30 16:19:17.766] -  <   {
 <     "id": 1788543522,
 <     "result": "5777"
 <   }
[2019/03/30 16:19:21.387] - eth_blockNumber
[2019/03/30 16:19:21.388] -    > {
   >   "id": 7676872206322548,
   >   "jsonrpc": "2.0",
   >   "params": [],
   >   "method": "eth_blockNumber"
   > }
[2019/03/30 16:19:21.390] -  <   {
 <     "id": 7676872206322548,
 <     "jsonrpc": "2.0",
 <     "result": "0x0"
 <   }
[2019/03/30 16:19:26.852] - net_version
[2019/03/30 16:19:26.852] -    > {
   >   "method": "net_version",
   >   "params": [],
   >   "beta": true,
   >   "id": 3001488302
   > }
[2019/03/30 16:19:26.854] -  <   {
 <     "id": 3001488302,
 <     "result": "5777"
 <   }
[2019/03/30 16:19:41.404] - eth_blockNumber
[2019/03/30 16:19:41.405] -    > {
   >   "id": 7676872206322549,
   >   "jsonrpc": "2.0",
   >   "params": [],
   >   "method": "eth_blockNumber"
   > }
[2019/03/30 16:19:41.407] -  <   {
 <     "id": 7676872206322549,
 <     "jsonrpc": "2.0",
 <     "result": "0x0"
 <   }
[2019/03/30 16:20:01.421] - eth_blockNumber
[2019/03/30 16:20:01.422] -    > {
   >   "id": 7676872206322550,
   >   "jsonrpc": "2.0",
   >   "params": [],
   >   "method": "eth_blockNumber"
   > }
[2019/03/30 16:20:01.424] -  <   {
 <     "id": 7676872206322550,
 <     "jsonrpc": "2.0",
 <     "result": "0x0"
 <   }
[2019/03/30 16:20:19.187] - net_version
[2019/03/30 16:20:19.187] -    > {
   >   "method": "net_version",
   >   "params": [],
   >   "beta": true,
   >   "id": 284458772
   > }
[2019/03/30 16:20:19.189] -  <   {
 <     "id": 284458772,
 <     "result": "5777"
 <   }
[2019/03/30 16:20:21.433] - eth_blockNumber
[2019/03/30 16:20:21.434] -    > {
   >   "id": 7676872206322551,
   >   "jsonrpc": "2.0",
   >   "params": [],
   >   "method": "eth_blockNumber"
   > }
[2019/03/30 16:20:21.435] -  <   {
 <     "id": 7676872206322551,
 <     "jsonrpc": "2.0",
 <     "result": "0x0"
 <   }
[2019/03/30 16:20:41.443] - eth_blockNumber
[2019/03/30 16:20:41.444] -    > {
   >   "id": 7676872206322552,
   >   "jsonrpc": "2.0",
   >   "params": [],
   >   "method": "eth_blockNumber"
   > }
[2019/03/30 16:20:41.446] -  <   {
 <     "id": 7676872206322552,
 <     "jsonrpc": "2.0",
 <     "result": "0x0"
 <   }
[2019/03/30 16:21:01.459] - eth_blockNumber
[2019/03/30 16:21:01.460] -    > {
   >   "id": 7676872206322553,
   >   "jsonrpc": "2.0",
   >   "params": [],
   >   "method": "eth_blockNumber"
   > }
[2019/03/30 16:21:01.462] -  <   {
 <     "id": 7676872206322553,
 <     "jsonrpc": "2.0",
 <     "result": "0x0"
 <   }
[2019/03/30 16:21:21.475] - eth_blockNumber
[2019/03/30 16:21:21.475] -    > {
   >   "id": 7676872206322554,
   >   "jsonrpc": "2.0",
   >   "params": [],
   >   "method": "eth_blockNumber"
   > }
[2019/03/30 16:21:21.477] -  <   {
 <     "id": 7676872206322554,
 <     "jsonrpc": "2.0",
 <     "result": "0x0"
 <   }
